JvmtiExport can_access_local_variables 0
JvmtiExport can_hotswap_or_post_breakpoint 0
JvmtiExport can_post_on_exceptions 0
# 151 ciObject found
ciMethod sun/awt/geom/Curve getOrder ()I 0 0 1 0 -1
ciMethod sun/awt/geom/Order0 getOrder ()I 1041 1 130 0 0
ciMethod sun/awt/geom/Order1 getOrder ()I 1025 1 128 0 0
ciMethod sun/awt/geom/AreaOp addEdges (Ljava/util/Vector;Ljava/util/Vector;I)V 2049 3073 5400 0 -1
ciMethod sun/awt/geom/Edge <init> (Lsun/awt/geom/Curve;I)V 2049 1 5436 0 0
ciMethod sun/awt/geom/Edge <init> (Lsun/awt/geom/Curve;II)V 2049 1 5436 0 0
ciMethodData java/util/Vector$1 hasMoreElements ()Z 2 17340 orig 264 136 98 147 95 0 0 0 0 208 248 92 248 0 0 0 0 88 1 0 0 0 0 0 0 0 0 0 0 0 0 0 0 0 0 0 0 0 0 0 0 0 0 0 0 0 0 0 0 0 0 0 0 0 0 0 0 0 0 0 0 0 0 0 0 0 0 0 0 0 0 0 0 0 0 0 0 0 0 0 0 77 68 79 32 101 120 116 114 97 32 100 97 116 97 32 108 111 99 107 0 0 0 0 0 0 0 0 0 0 0 0 0 0 0 0 0 0 0 0 0 0 0 0 0 0 0 0 0 0 0 0 0 0 0 0 0 0 0 0 0 0 0 0 0 0 0 0 0 0 0 0 0 0 0 0 0 0 0 0 0 0 0 0 0 0 0 0 0 0 0 0 0 0 0 0 0 0 0 0 0 0 0 0 0 0 0 0 0 0 0 0 0 0 0 0 0 0 0 0 0 0 0 0 0 0 0 0 0 0 0 0 0 0 0 0 0 0 1 0 0 225 21 2 0 1 0 0 0 0 0 0 0 0 0 0 0 2 0 0 0 0 0 6 0 2 0 0 0 56 0 0 0 255 255 255 255 7 0 11 0 0 0 0 0 data 7 0xb0007 0x1af0 0x38 0x27cc 0xf0003 0x27cc 0x18 oops 0
ciMethodData java/util/Vector$1 nextElement ()Ljava/lang/Object; 2 5394 orig 264 136 98 147 95 0 0 0 0 184 249 92 248 0 0 0 0 192 1 0 0 80 0 0 0 0 0 0 0 0 0 0 0 0 0 0 0 0 0 0 0 0 0 0 0 0 0 0 0 0 0 0 0 0 0 0 0 0 0 0 0 0 0 0 0 0 0 0 0 0 0 0 0 0 0 0 0 0 0 0 0 77 68 79 32 101 120 116 114 97 32 100 97 116 97 32 108 111 99 107 0 0 0 0 0 0 0 0 0 0 0 0 0 0 0 0 0 0 0 0 0 0 0 0 0 0 0 0 0 0 0 0 0 0 0 0 0 0 0 0 0 0 0 0 0 0 0 0 0 0 0 0 0 0 0 0 0 0 0 0 0 0 0 0 0 0 0 0 0 0 0 0 0 0 0 0 0 0 0 0 0 0 0 0 0 0 0 0 0 0 0 0 0 0 0 0 0 0 0 0 0 0 0 0 0 0 0 0 0 0 0 0 0 0 0 0 0 5 1 0 0 105 160 0 0 1 0 0 0 0 0 0 0 0 0 0 0 2 0 0 0 0 0 11 0 2 0 0 0 120 0 0 0 255 255 255 255 7 0 18 0 0 0 0 0 data 15 0x120007 0x0 0x50 0x140d 0x240005 0x0 0xefe6c840 0x140d 0x0 0x0 0x2c0003 0x0 0x18 0x3a0002 0x0 oops 1 6 java/util/Vector
ciMethodData java/util/Vector elements ()Ljava/util/Enumeration; 2 7992 orig 264 136 98 147 95 0 0 0 0 160 193 34 155 0 0 0 0 48 1 0 0 0 0 0 0 0 0 0 0 0 0 0 0 0 0 0 0 0 0 0 0 0 0 0 0 0 0 0 0 0 0 0 0 0 0 0 0 0 0 0 0 0 0 0 0 0 0 0 0 0 0 0 0 0 0 0 0 0 0 0 0 77 68 79 32 101 120 116 114 97 32 100 97 116 97 32 108 111 99 107 0 0 0 0 0 0 0 0 0 0 0 0 0 0 0 0 0 0 0 0 0 0 0 0 0 0 0 0 0 0 0 0 0 0 0 0 0 0 0 0 0 0 0 0 0 0 0 0 0 0 0 0 0 0 0 0 0 0 0 0 0 0 0 0 0 0 0 0 0 0 0 0 0 0 0 0 0 0 0 0 0 0 0 0 0 0 0 0 0 0 0 0 0 0 0 0 0 0 0 0 0 0 0 0 0 0 0 0 0 0 0 0 0 0 0 0 0 2 1 0 0 177 241 0 0 1 0 0 0 0 0 0 0 0 0 0 0 2 0 0 0 0 0 3 0 2 0 0 0 16 0 0 0 255 255 255 255 2 0 5 0 0 0 0 0 data 2 0x50002 0x1e36 oops 0
ciMethodData java/util/Vector$1 <init> (Ljava/util/Vector;)V 2 7992 orig 264 136 98 147 95 0 0 0 0 48 248 92 248 0 0 0 0 56 1 0 0 0 0 0 0 0 0 0 0 0 0 0 0 0 0 0 0 0 0 0 0 0 0 0 0 0 0 0 0 0 0 0 0 0 0 0 0 0 0 0 0 0 0 0 0 0 0 0 0 0 0 0 0 0 0 0 0 0 0 0 0 77 68 79 32 101 120 116 114 97 32 100 97 116 97 32 108 111 99 107 0 0 0 0 0 0 0 0 0 0 0 0 0 0 0 0 0 0 0 0 0 0 0 0 0 0 0 0 0 0 0 0 0 0 0 0 0 0 0 0 0 0 0 0 0 0 0 0 0 0 0 0 0 0 0 0 0 0 0 0 0 0 0 0 0 0 0 0 0 0 0 0 0 0 0 0 0 0 0 0 0 0 0 0 0 0 0 0 0 0 0 0 0 0 0 0 0 0 0 0 0 0 0 0 0 0 0 0 0 0 0 0 0 0 0 0 0 2 1 0 0 177 241 0 0 1 0 0 0 0 0 0 0 0 0 0 0 2 0 0 0 0 0 3 0 2 0 0 0 16 0 0 0 255 255 255 255 2 0 6 0 0 0 0 0 data 2 0x60002 0x1e36 oops 0
ciMethodData sun/awt/geom/Edge <init> (Lsun/awt/geom/Curve;I)V 2 5436 orig 264 136 98 147 95 0 0 0 0 192 210 231 81 0 0 0 0 64 1 0 0 0 0 0 0 0 0 0 0 0 0 0 0 0 0 0 0 0 0 0 0 0 0 0 0 0 0 0 0 0 0 0 0 0 0 0 0 0 0 0 0 0 0 0 0 0 0 0 0 0 0 0 0 0 0 0 0 0 0 0 0 77 68 79 32 101 120 116 114 97 32 100 97 116 97 32 108 111 99 107 0 0 0 0 0 0 0 0 0 0 0 0 0 0 0 0 0 0 0 0 0 0 0 0 0 0 0 0 0 0 0 0 0 0 0 0 0 0 0 0 0 0 0 0 0 0 0 0 0 0 0 0 0 0 0 0 0 0 0 0 0 0 0 0 0 0 0 0 0 0 0 0 0 0 0 0 0 0 0 0 0 0 0 0 0 0 0 0 0 0 0 0 0 0 0 0 0 0 0 0 0 0 0 0 0 0 0 0 0 0 0 0 0 0 0 0 0 0 1 0 0 225 161 0 0 1 0 0 0 0 0 0 0 0 0 0 0 2 0 0 0 0 0 3 0 2 0 0 0 16 0 0 0 255 255 255 255 2 0 4 0 0 0 0 0 data 2 0x40002 0x143c oops 0
ciMethodData sun/awt/geom/Edge <init> (Lsun/awt/geom/Curve;II)V 2 5436 orig 264 136 98 147 95 0 0 0 0 96 211 231 81 0 0 0 0 72 1 0 0 0 0 0 0 0 0 0 0 0 0 0 0 0 0 0 0 0 0 0 0 0 0 0 0 0 0 0 0 0 0 0 0 0 0 0 0 0 0 0 0 0 0 0 0 0 0 0 0 0 0 0 0 0 0 0 0 0 0 0 0 77 68 79 32 101 120 116 114 97 32 100 97 116 97 32 108 111 99 107 0 0 0 0 0 0 0 0 0 0 0 0 0 0 0 0 0 0 0 0 0 0 0 0 0 0 0 0 0 0 0 0 0 0 0 0 0 0 0 0 0 0 0 0 0 0 0 0 0 0 0 0 0 0 0 0 0 0 0 0 0 0 0 0 0 0 0 0 0 0 0 0 0 0 0 0 0 0 0 0 0 0 0 0 0 0 0 0 0 0 0 0 0 0 0 0 0 0 0 0 0 0 0 0 0 0 0 0 0 0 0 0 0 0 0 0 0 0 1 0 0 225 161 0 0 1 0 0 0 0 0 0 0 0 0 0 0 2 0 0 0 0 0 3 0 2 0 0 0 16 0 0 0 255 255 255 255 2 0 1 0 0 0 0 0 data 2 0x10002 0x143c oops 0
ciMethodData sun/awt/geom/AreaOp addEdges (Ljava/util/Vector;Ljava/util/Vector;I)V 2 8100 orig 264 136 98 147 95 0 0 0 0 64 159 231 81 0 0 0 0 224 2 0 0 0 0 0 0 0 0 0 0 0 0 0 0 0 0 0 0 0 0 0 0 0 0 0 0 0 0 0 0 0 0 0 0 0 0 0 0 0 0 0 0 0 0 0 0 0 0 0 0 0 0 0 0 0 0 0 0 0 0 0 0 77 68 79 32 101 120 116 114 97 32 100 97 116 97 32 108 111 99 107 0 0 0 0 0 0 0 0 0 0 0 0 0 0 0 0 0 0 0 0 0 0 0 0 0 0 0 0 0 0 0 0 0 0 0 0 0 0 0 0 0 0 0 0 0 0 0 0 0 0 0 0 0 0 0 0 0 0 0 0 0 0 0 0 0 0 0 0 0 0 0 0 0 0 0 0 0 0 0 0 0 0 0 0 0 0 0 0 0 0 0 0 0 0 0 0 0 0 0 0 0 0 0 0 0 0 0 0 0 0 0 0 0 0 0 0 0 128 1 0 0 193 160 0 0 33 241 0 0 0 0 0 0 0 0 0 0 2 0 0 0 1 0 13 0 2 0 0 0 136 1 0 0 255 255 255 255 5 0 1 0 0 0 0 0 data 49 0x10005 0x0 0xefe6c840 0x1418 0x0 0x0 0x60005 0x0 0xefe6cc20 0x323c 0x0 0x0 0xb0007 0x1418 0x128 0x1e24 0xf0005 0x0 0xefe6cc20 0x1e24 0x0 0x0 0x140004 0x0 0xefe6ccd0 0xa0c 0xefe6cd80 0x1418 0x1b0005 0x0 0xefe6ccd0 0xa0c 0xefe6cd80 0x1418 0x1e0007 0xa0c 0x60 0x1418 0x290002 0x1418 0x2c0005 0x0 0xefe6c840 0x1418 0x0 0x0 0x300003 0x1e24 0xfffffffffffffec0 oops 8 2 java/util/Vector 8 java/util/Vector$1 18 java/util/Vector$1 24 sun/awt/geom/Order0 26 sun/awt/geom/Order1 30 sun/awt/geom/Order0 32 sun/awt/geom/Order1 42 java/util/Vector
ciMethodData java/util/Vector hugeCapacity (I)I 1 0 orig 264 136 98 147 95 0 0 0 0 144 190 34 155 0 0 0 0 136 1 0 0 32 0 0 0 0 0 0 0 0 0 0 0 0 0 0 0 0 0 0 0 0 0 0 0 0 0 0 0 0 0 0 0 0 0 0 0 0 0 0 0 0 0 0 0 0 0 0 0 0 0 0 0 0 0 0 0 0 0 0 0 77 68 79 32 101 120 116 114 97 32 100 97 116 97 32 108 111 99 107 0 0 0 0 0 0 0 0 0 0 0 0 0 0 0 0 0 0 0 0 0 0 0 0 0 0 0 0 0 0 0 0 0 0 0 0 0 0 0 0 0 0 0 0 0 0 0 0 0 0 0 0 0 0 0 0 0 0 0 0 0 0 0 0 0 0 0 0 0 0 0 0 0 0 0 0 0 0 0 0 0 0 0 0 0 25 0 0 0 0 0 0 0 0 0 0 0 0 0 0 0 0 0 0 0 0 0 0 0 0 0 0 0 0 0 0 0 0 0 0 0 1 0 0 0 1 0 0 0 0 0 0 0 0 0 0 0 2 0 0 0 0 0 0 0 0 0 0 0 104 0 0 0 255 255 255 255 7 0 1 0 0 0 0 0 data 13 0x10007 0x0 0x30 0x0 0x80002 0x0 0xf0007 0x0 0x38 0x0 0x140003 0x0 0x18 oops 0
ciMethod java/lang/Object <init> ()V 4097 1 2300524 0 96
ciMethod java/lang/Object getClass ()Ljava/lang/Class; 2049 1 256 0 -1
ciMethod java/util/Vector ensureCapacityHelper (I)V 4097 1 19225 0 0
ciMethod java/util/Vector grow (I)V 97 1 882 0 0
ciMethod java/util/Vector hugeCapacity (I)I 0 0 1 0 0
ciMethod java/util/Vector elements ()Ljava/util/Enumeration; 2065 1 7980 0 0
ciMethod java/util/Vector elementData (I)Ljava/lang/Object; 2049 1 24436 0 0
ciMethod java/util/Vector add (Ljava/lang/Object;)Z 2065 1 5390 0 896
ciMethod java/util/Arrays copyOf ([Ljava/lang/Object;I)[Ljava/lang/Object; 2089 1 18755 0 384
ciMethod java/util/Arrays copyOf ([Ljava/lang/Object;ILjava/lang/Class;)[Ljava/lang/Object; 2105 1 5615 0 -1
ciMethodData java/lang/Object <init> ()V 2 2300524 orig 264 136 98 147 95 0 0 0 0 104 4 23 155 0 0 0 0 32 1 0 0 0 0 0 0 0 0 0 0 0 0 0 0 0 0 0 0 0 0 0 0 0 0 0 0 0 0 0 0 0 0 0 0 0 0 0 0 0 0 0 0 0 0 0 0 0 0 0 0 0 0 0 0 0 0 0 0 0 0 0 0 77 68 79 32 101 120 116 114 97 32 100 97 116 97 32 108 111 99 107 0 0 0 0 0 0 0 0 0 0 0 0 0 0 0 0 0 0 0 0 0 0 0 0 0 0 0 0 0 0 0 0 0 0 0 0 0 0 0 0 0 0 0 0 0 0 0 0 0 0 0 0 0 0 0 0 0 0 0 0 0 0 0 0 0 0 0 0 0 0 0 0 0 0 0 0 0 0 0 0 0 0 0 0 0 1 0 0 0 0 0 0 0 1 0 0 0 0 0 0 0 1 0 0 0 0 0 0 0 0 0 0 0 0 0 0 0 0 2 0 0 97 195 24 1 1 0 0 0 0 0 0 0 0 0 0 0 2 0 0 0 0 0 0 0 0 0 0 0 0 0 0 0 255 255 255 255 0 0 0 0 0 0 0 0 data 0 oops 0
ciMethod java/util/Enumeration hasMoreElements ()Z 0 0 1 0 -1
ciMethod java/util/Enumeration nextElement ()Ljava/lang/Object; 0 0 1 0 -1
ciMethodData java/util/Vector ensureCapacityHelper (I)V 2 19225 orig 264 136 98 147 95 0 0 0 0 32 189 34 155 0 0 0 0 88 1 0 0 0 0 0 0 0 0 0 0 0 0 0 0 0 0 0 0 0 0 0 0 0 0 0 0 0 0 0 0 0 0 0 0 0 0 0 0 0 0 0 0 0 0 0 0 0 0 0 0 0 0 0 0 0 0 0 0 0 0 0 0 77 68 79 32 101 120 116 114 97 32 100 97 116 97 32 108 111 99 107 0 0 0 0 0 0 0 0 0 0 0 0 0 0 0 0 0 0 0 0 0 0 0 0 0 0 0 0 0 0 0 0 0 0 0 0 0 0 0 0 0 0 0 0 0 0 0 0 0 0 0 0 0 0 0 0 0 0 0 0 0 0 0 0 0 0 0 0 0 0 0 0 0 0 0 0 0 0 0 0 0 0 0 0 0 0 0 0 0 0 0 0 0 0 0 0 0 0 0 0 0 0 0 0 0 0 0 0 0 0 0 0 0 0 0 0 0 0 2 0 0 201 72 2 0 1 0 0 0 0 0 0 0 0 0 0 0 2 0 0 0 0 0 6 0 2 0 0 0 48 0 0 0 255 255 255 255 7 0 7 0 0 0 0 0 data 6 0x70007 0x46f7 0x30 0x222 0xc0002 0x222 oops 0
ciMethodData java/util/Vector grow (I)V 1 882 orig 264 136 98 147 95 0 0 0 0 232 189 34 155 0 0 0 0 232 1 0 0 120 0 0 0 0 0 0 0 0 0 0 0 0 0 0 0 0 0 0 0 0 0 0 0 0 0 0 0 0 0 0 0 0 0 0 0 0 0 0 0 0 0 0 0 0 0 0 0 0 0 0 0 0 0 0 0 0 0 0 0 77 68 79 32 101 120 116 114 97 32 100 97 116 97 32 108 111 99 107 0 0 0 0 0 0 0 0 0 0 0 0 0 0 0 0 0 0 0 0 0 0 0 0 0 0 0 0 0 0 0 0 0 0 0 0 0 0 0 0 0 0 0 0 0 0 0 0 0 0 0 0 0 0 0 0 0 0 0 0 0 0 0 0 0 0 0 0 0 0 0 0 0 0 0 0 0 0 0 0 0 0 0 0 0 0 0 0 0 0 0 0 0 0 0 0 0 0 0 0 0 0 0 0 0 0 0 0 0 0 0 0 0 0 0 0 0 12 0 0 0 49 27 0 0 1 0 0 0 0 0 0 0 0 0 0 0 2 0 0 0 0 0 18 0 2 0 0 0 152 0 0 0 255 255 255 255 7 0 11 0 0 0 0 0 data 19 0xb0007 0x1dd 0x38 0x189 0x120003 0x189 0x18 0x1b0007 0x363 0x20 0x3 0x240007 0x366 0x30 0x0 0x280002 0x0 0x320002 0x366 oops 0
ciMethodData java/util/Vector elementData (I)Ljava/lang/Object; 2 24436 orig 264 136 98 147 95 0 0 0 0 152 206 34 155 0 0 0 0 40 1 0 0 0 0 0 0 0 0 0 0 0 0 0 0 0 0 0 0 0 0 0 0 0 0 0 0 0 0 0 0 0 0 0 0 0 0 0 0 0 0 0 0 0 0 0 0 0 0 0 0 0 0 0 0 0 0 0 0 0 0 0 0 77 68 79 32 101 120 116 114 97 32 100 97 116 97 32 108 111 99 107 0 0 0 0 0 0 0 0 0 0 0 0 0 0 0 0 0 0 0 0 0 0 0 0 0 0 0 0 0 0 0 0 0 0 0 0 0 0 0 0 0 0 0 0 0 0 0 0 0 0 0 0 0 0 0 0 0 0 0 0 0 0 0 0 0 0 0 0 0 0 0 0 0 0 0 0 0 0 0 0 0 0 0 0 0 1 0 0 0 0 0 0 0 0 0 0 0 0 0 0 0 1 0 0 0 0 0 0 0 0 0 0 0 0 0 0 0 0 1 0 0 161 243 2 0 1 0 0 0 0 0 0 0 0 0 0 0 2 0 0 0 0 0 3 0 1 0 0 0 0 0 0 0 255 255 255 255 0 0 0 0 0 0 0 0 data 0 oops 0
ciMethodData java/util/Arrays copyOf ([Ljava/lang/Object;I)[Ljava/lang/Object; 2 18755 orig 264 136 98 147 95 0 0 0 0 8 250 39 155 0 0 0 0 192 1 0 0 0 0 0 0 0 0 0 0 0 0 0 0 0 0 0 0 0 0 0 0 0 0 0 0 0 0 0 0 0 0 0 0 0 0 0 0 0 0 0 0 0 0 0 0 0 0 0 0 0 0 0 0 0 0 0 0 0 0 0 0 77 68 79 32 101 120 116 114 97 32 100 97 116 97 32 108 111 99 107 0 0 0 0 0 0 0 0 0 0 0 0 0 0 0 0 0 0 0 0 0 0 0 0 0 0 0 0 0 0 0 0 0 0 0 0 0 0 0 0 0 0 0 0 0 0 0 0 0 0 0 0 0 0 0 0 0 0 0 0 0 0 0 0 0 0 0 0 0 0 0 0 0 0 0 0 0 0 0 0 0 0 0 0 0 0 0 0 0 0 0 0 0 0 0 0 0 0 0 0 0 0 0 0 0 0 0 0 0 0 0 0 0 0 0 0 0 5 1 0 0 241 65 2 0 1 0 0 0 0 0 0 0 0 0 0 0 2 0 0 0 0 0 3 0 2 0 0 0 112 0 0 0 255 255 255 255 5 0 3 0 0 0 0 0 data 14 0x30005 0x177 0x17ddba5f0 0x46c6 0xfebab140 0x1 0x60002 0x483e 0x90004 0x0 0x0 0x0 0x0 0x0 oops 2 2 [Ljava/lang/Object; 4 [Ljava/lang/invoke/LambdaForm$BasicType;
ciMethodData java/util/Vector add (Ljava/lang/Object;)Z 2 5390 orig 264 136 98 147 95 0 0 0 0 168 208 34 155 0 0 0 0 144 1 0 0 0 0 0 0 0 0 0 0 0 0 0 0 0 0 0 0 0 0 0 0 0 0 0 0 0 0 0 0 0 0 0 0 0 0 0 0 0 0 0 0 0 0 0 0 0 0 0 0 0 0 0 0 0 0 0 0 0 0 0 0 77 68 79 32 101 120 116 114 97 32 100 97 116 97 32 108 111 99 107 0 0 0 0 0 0 0 0 0 0 0 0 0 0 0 0 0 0 0 0 0 0 0 0 0 0 0 0 0 0 0 0 0 0 0 0 0 0 0 0 0 0 0 0 0 0 0 0 0 0 0 0 0 0 0 0 0 0 0 0 0 0 0 0 0 0 0 0 0 0 0 0 0 0 0 0 0 0 0 0 0 0 0 0 0 0 0 0 0 0 0 0 0 0 0 0 0 0 0 0 0 0 0 0 0 0 0 0 0 0 0 0 0 0 0 0 0 2 1 0 0 97 160 0 0 1 0 0 0 0 0 0 0 0 0 0 0 2 0 0 0 0 0 7 0 2 0 0 0 64 0 0 0 255 255 255 255 2 0 17 0 0 0 0 0 data 8 0x110002 0x140c 0x240004 0x0 0xffa58590 0x13f6 0xffa58640 0x1 oops 2 4 com/mathworks/mwswing/SimpleElement 6 com/mathworks/hg/peer/FiguresGroup$GroupListener
ciMethod java/util/Vector$1 <init> (Ljava/util/Vector;)V 2065 1 7992 0 0
ciMethod java/util/Vector$1 hasMoreElements ()Z 2049 1 17340 0 96
ciMethod java/util/Vector$1 nextElement ()Ljava/lang/Object; 2089 1 5394 0 736
instanceKlass com/mathworks/mde/editor/codepad/Codepad$5
instanceKlass com/mathworks/mde/cmdwin/CmdWinDocumentUtilities
instanceKlass javax/swing/plaf/basic/BasicSplitPaneDivider$DragController
instanceKlass sun/java2d/pipe/hw/AccelSurface
instanceKlass sun/awt/windows/WComponentPeer$1
instanceKlass java/beans/PropertyChangeSupport$1
instanceKlass sun/nio/cs/UTF_8$1
instanceKlass com/mathworks/mde/cmdwin/CmdWinMLIF$10
instanceKlass com/mathworks/mde/liveeditor/debug/LiveEditorDebugEventTranslator$1
instanceKlass com/mathworks/mde/embeddedoutputs/debug/DebugHandler$2
instanceKlass com/mathworks/mde/embeddedoutputs/debug/DebugHandler$1
instanceKlass com/mathworks/mde/embeddedoutputs/debug/DebugHandler
instanceKlass com/mathworks/mde/liveeditor/debug/LiveEditorDebugStackPruner
instanceKlass com/mathworks/mde/liveeditor/debug/PeerModelBreakpointDataStoreService$PeerModelBreakpointListener
instanceKlass com/mathworks/mde/embeddedoutputs/RegionsData
instanceKlass com/mathworks/mde/editor/codepad/Codepad$4
instanceKlass com/mathworks/mlwidgets/explorer/model/FileDecorationModel$2$1
instanceKlass com/mathworks/mlwidgets/explorer/model/FileDecorationModel$3$1
instanceKlass com/mathworks/mlwidgets/explorer/model/FileDecorationModel$3
instanceKlass com/mathworks/mlwidgets/explorer/extensions/matlab/EditorFileInfoProvider$2
instanceKlass com/mathworks/mlwidgets/explorer/extensions/matlab/EditorFileInfoProvider$1
instanceKlass com/mathworks/mde/editor/MatlabEditorApplication$11$2
instanceKlass com/mathworks/widgets/datamodel/AbstractFileBackingStore$DialogInteractionModel
instanceKlass org/netbeans/editor/MarkVector$Undo
instanceKlass org/netbeans/editor/MarkVector$UndoItem
instanceKlass org/netbeans/editor/ext/ToolTipSupport$3
instanceKlass com/mathworks/widgets/text/mcode/analyzer/CodeAnalyzerLayer$6
instanceKlass com/mathworks/widgets/desk/DTDocumentTabs$PendingAdditions$1
instanceKlass com/mathworks/mlwidgets/array/data/DatetimeScalar
instanceKlass com/mathworks/mlwidgets/array/WorkspaceUndoManager$UndoKey
instanceKlass com/mathworks/widgets/spreadsheet/data/StringScalar
instanceKlass com/mathworks/services/ObjectRegistry
instanceKlass java/awt/Event
instanceKlass javax/swing/InputVerifier
instanceKlass sun/awt/datatransfer/ClipboardTransferable$DataFactory
instanceKlass sun/awt/datatransfer/ClipboardTransferable
instanceKlass com/mathworks/jmi/MatlabPath$1
instanceKlass java/lang/invoke/LambdaForm$MH
instanceKlass sun/awt/datatransfer/SunClipboard$$Lambda$25
instanceKlass java/lang/invoke/LambdaForm$DMH
instanceKlass org/openide/util/RequestProcessor$Processor$1
instanceKlass com/mathworks/mde/cmdwin/CmdWinDocument$4
instanceKlass com/mathworks/mde/cmdwin/CmdWinDocument$SpecialCharacter
instanceKlass com/mathworks/mde/cmdwin/CmdWinDocument$AnnotatedInfo
instanceKlass com/mathworks/jmi/AWTUtilities$MatlabWait
instanceKlass com/mathworks/mde/cmdwin/CmdWinDocument$FlushRunnable
instanceKlass com/mathworks/mde/editor/MatlabEditorApplication$12$1
instanceKlass com/mathworks/mde/cmdwin/XCaret$3
instanceKlass com/mathworks/mde/cmdwin/XCaret$1
instanceKlass sun/awt/EventQueueDelegate$Delegate
instanceKlass javax/swing/RowSorter
instanceKlass com/mathworks/widgets/spreadsheet/format/PrintMat$ScalarFormatPair
instanceKlass com/mathworks/widgets/spreadsheet/format/PrintMat$1
instanceKlass com/mathworks/widgets/spreadsheet/format/PrintMat
instanceKlass com/mathworks/widgets/spreadsheet/format/FormatUtils
instanceKlass com/mathworks/mlwidgets/array/editors/MatlabWorkspaceLikeModel$1
instanceKlass com/mathworks/mlwidgets/array/ValuePanel$ContentsReplacer
instanceKlass com/mathworks/mde/array/ArrayEditor$RequestFocusRunnable
instanceKlass com/mathworks/mlwidgets/array/FormatToolsetSupplier$1
instanceKlass com/mathworks/mde/array/ArrayEditor$VariableNameChangeHandler
instanceKlass com/mathworks/mde/array/ArrayEditor$9$1
instanceKlass com/mathworks/mlwidgets/array/VariableCodeGenProvider
instanceKlass com/mathworks/mlwidgets/array/AbstractFormatToolsetSupplier
instanceKlass com/mathworks/mlwidgets/array/VariableFormatSpecifier
instanceKlass com/mathworks/mlwidgets/array/FormatToolsetSupplierFactory
instanceKlass com/mathworks/mlwidgets/array/VariableCreationSupplier
instanceKlass com/mathworks/mlwidgets/array/CommonInsDelToolsetSupplier
instanceKlass com/mathworks/mlwidgets/array/VariableToolFactory$5
instanceKlass com/mathworks/mlwidgets/array/VariableToolFactory$4
instanceKlass com/mathworks/mlwidgets/array/editors/MatlabMCOSModel$WhosInformationCO
instanceKlass com/mathworks/mlwidgets/array/VariableToolFactory
instanceKlass com/mathworks/mlwidgets/array/ValuePanel$ROML
instanceKlass com/mathworks/widgets/spreadsheet/SpreadsheetUtils
instanceKlass com/mathworks/widgets/spreadsheet/SpreadsheetActions
instanceKlass com/mathworks/mlwidgets/array/AbstractTypedViewer$ScrollAdjustmentListener
instanceKlass com/mathworks/mlwidgets/array/editors/WorkspaceLikeTable$1
instanceKlass com/mathworks/mlwidgets/workspace/graphics/GraphingActionFactory
instanceKlass com/mathworks/mlwidgets/array/editors/WorkspaceLikeTable$WorkspaceTableActionProvider
instanceKlass com/mathworks/mlwidgets/array/ArrayUtils$PrintActionProvider
instanceKlass com/mathworks/mlwidgets/array/ArrayUtils$SaveActionProvider
instanceKlass com/mathworks/mlwidgets/array/ArrayUtils$ActionProvider
instanceKlass com/mathworks/mlwidgets/array/editors/MatlabMCOSModel$GetCCPropertyNamesCO
instanceKlass com/mathworks/mlwidgets/array/editors/MatlabWorkspaceLikeModel$RecordQuery
instanceKlass com/mathworks/mlwidgets/array/EditableValue
instanceKlass com/mathworks/mlwidgets/array/AbstractValueEditorProvider
instanceKlass com/mathworks/mlwidgets/array/INewVariableProvider
instanceKlass com/mathworks/mlwidgets/array/ISortProvider
instanceKlass com/mathworks/mlwidgets/array/ITransposeProvider
instanceKlass com/mathworks/mlwidgets/array/brushing/IBrushableInfoProvider
instanceKlass com/mathworks/widgets/datatransfer/VariableIdentifierProvider
instanceKlass com/mathworks/mlwidgets/array/ValueEditorProviderRegistry
instanceKlass com/mathworks/mlwidgets/array/data/CategoricalScalar
instanceKlass com/mathworks/mlwidgets/array/data/CharArrayValue
instanceKlass com/mathworks/mlwidgets/array/data/DatetimeArray
instanceKlass com/mathworks/mlwidgets/array/data/CategoricalArray
instanceKlass com/mathworks/mlwidgets/array/mcos/PropertyAttributes
instanceKlass com/mathworks/mlwidgets/array/data/TabularObjectArrayValue
instanceKlass com/mathworks/mlwidgets/array/IWorkspaceUndoManagerProvider
instanceKlass com/mathworks/mlwidgets/array/ValueMetaInfo
instanceKlass com/mathworks/mlwidgets/array/data/StringArray
instanceKlass com/mathworks/mlwidgets/array/data/ITabularObjectArrayValue
instanceKlass com/mathworks/mlwidgets/array/data/CellArrayValue
instanceKlass com/mathworks/mlwidgets/array/data/ReadOnlyValue
instanceKlass com/mathworks/mlwidgets/array/ValueDataSection
instanceKlass com/mathworks/mlwidgets/array/data/FunctionHandleValue
instanceKlass org/apache/commons/httpclient/util/ExceptionUtil
instanceKlass com/mathworks/mlwidgets/array/ValueMetaInfoRequester$VICO
instanceKlass com/mathworks/mde/array/ArrayEditor$9
instanceKlass com/mathworks/mde/array/ArrayEditor$MatlabWorkspacePrefListener
instanceKlass com/mathworks/mde/array/ArrayEditor$MultiListener
instanceKlass com/mathworks/mde/array/ArrayEditorPrefs
instanceKlass com/mathworks/mlwidgets/array/ValueMetaInfoRequester$VECO
instanceKlass com/mathworks/mlwidgets/array/ValueUpdateRegistry$InterestHandler
instanceKlass com/mathworks/mlwidgets/array/ValueUpdateRegistry
instanceKlass com/mathworks/mlwidgets/array/ValueMetaInfoRequester$InterestListener
instanceKlass com/mathworks/mlwidgets/array/ValueMetaInfoRequester
instanceKlass com/mathworks/mlwidgets/array/ValuePanel$UpdateListener
instanceKlass com/mathworks/mlwidgets/array/ValueSummaryBar$MyHyperlinkHandler
instanceKlass com/mathworks/mwswing/MGridLayout
instanceKlass com/mathworks/mlwidgets/array/AggregatedComponents
instanceKlass com/mathworks/mlwidgets/array/ValueEditorProvider
instanceKlass com/mathworks/mde/array/ArrayEditor$2
instanceKlass com/mathworks/mde/array/ArrayEditorRegistrar
instanceKlass com/mathworks/mlservices/MLArrayEditor
instanceKlass com/mathworks/mlservices/MLArrayEditorRegistrar
instanceKlass com/mathworks/mlwidgets/inspector/InspectorUpdateListener
instanceKlass com/mathworks/mde/array/ArrayEditor$1
instanceKlass com/mathworks/mlwidgets/array/ValuePanel$ToolSetUpdateListener
instanceKlass com/mathworks/mlwidgets/workspace/WorkspaceCommandListener
instanceKlass com/mathworks/widgets/recordlist/RecordlistTableModel$DualOpeningObserver
instanceKlass com/mathworks/widgets/recordlist/RecordlistTableModel$6
instanceKlass com/mathworks/mlwidgets/graphics/PlotActionHandler$3
instanceKlass com/mathworks/mlwidgets/graphics/PlotActionEvaluator
instanceKlass com/mathworks/mde/desk/PlotGalleryManager$1
instanceKlass com/mathworks/mlwidgets/graphics/PlotActionHandler$PlotActionIterator
instanceKlass com/mathworks/mlwidgets/workspace/MatlabClassActionFactory
instanceKlass com/mathworks/mlwidgets/graphics/PlotActionHandler$VariableUpdateEvent
instanceKlass com/mathworks/widgets/spreadsheet/color/ColorArrayTableModel
instanceKlass com/mathworks/widgets/recordlist/RecordlistTableModel$CellUpdater
instanceKlass com/mathworks/widgets/spreadsheet/format/Formattable
instanceKlass com/mathworks/mlwidgets/workspace/WorkspaceCommands$ActionLogProcessor
instanceKlass com/mathworks/mlwidgets/workspace/FetchedValueBuffer$FVBUpdater
instanceKlass com/mathworks/mlwidgets/workspace/FetchedValueBuffer$ModelUpdateRunnable
instanceKlass com/mathworks/mde/editor/MatlabBatchedBusyIdleStateManager$3
instanceKlass com/mathworks/webservices/client/core/http/HttpResponse
instanceKlass org/apache/commons/httpclient/HttpMethodBase$1
instanceKlass com/mathworks/mde/editor/debug/EditorToolstripRefreshManager$BusyIdleListener$1
instanceKlass org/apache/commons/httpclient/StatusLine
instanceKlass com/mathworks/mde/editor/EditorPauseAction$3$1
instanceKlass com/mathworks/mde/functionhints/FunctionHints$PopupTimer$1
instanceKlass com/mathworks/mde/cmdwin/CmdWinEditorKit$CurrentMCode
instanceKlass com/mathworks/mde/cmdwin/XCaret$4
instanceKlass ca/odell/glazedlists/impl/event/BlockSequence$Iterator
instanceKlass java/io/ObjectOutputStream$ReplaceTable
instanceKlass java/io/ObjectOutputStream$HandleTable
instanceKlass org/apache/commons/httpclient/HttpParser
instanceKlass com/jidesoft/swing/JideSwingUtilities$20
instanceKlass com/jidesoft/popup/JidePopup$13
instanceKlass com/mathworks/mwswing/ClipboardMonitor$TypeChangedNotifier
instanceKlass org/apache/commons/httpclient/util/ParameterFormatter
instanceKlass org/apache/commons/httpclient/cookie/IgnoreCookiesSpec
instanceKlass org/apache/commons/httpclient/cookie/CookiePathComparator
instanceKlass org/apache/commons/httpclient/cookie/CookieAttributeHandler
instanceKlass org/apache/commons/httpclient/cookie/CookieVersionSupport
instanceKlass org/apache/commons/httpclient/cookie/CookieSpecBase
instanceKlass org/apache/commons/httpclient/cookie/CookieSpec
instanceKlass org/apache/commons/httpclient/cookie/CookiePolicy
instanceKlass org/apache/commons/httpclient/Wire
instanceKlass java/awt/Polygon$PolygonPathIterator
instanceKlass java/awt/Polygon
instanceKlass com/mathworks/mlwidgets/help/CSHelpTopicMap$DefaultDocRootProvider
instanceKlass com/mathworks/mlwidgets/help/CSHelpTopicMap$HelpDependencyProvider
instanceKlass com/mathworks/mlwidgets/help/CSHelpTopicMap
instanceKlass com/mathworks/mlwidgets/help/AggregateMapFileFinder
instanceKlass com/mathworks/widgets/text/STPMessagePanel$LayerTipStrategy
instanceKlass com/mathworks/widgets/messagepanel/MessagePanel$2
instanceKlass com/sun/java/swing/plaf/windows/AnimationController$AnimationState
instanceKlass com/sun/java/swing/plaf/windows/AnimationController$1
instanceKlass org/apache/commons/httpclient/MultiThreadedHttpConnectionManager$ConnectionSource
instanceKlass org/apache/commons/httpclient/MultiThreadedHttpConnectionManager$HostConnectionPool
instanceKlass org/apache/commons/httpclient/util/LangUtils
instanceKlass org/apache/commons/httpclient/auth/AuthChallengeProcessor
instanceKlass org/apache/commons/httpclient/HttpMethodDirector
instanceKlass org/apache/commons/httpclient/auth/AuthState
instanceKlass org/apache/commons/httpclient/HeaderGroup
instanceKlass org/apache/commons/httpclient/ResponseConsumedWatcher
instanceKlass org/apache/commons/httpclient/NameValuePair
instanceKlass com/mathworks/webservices/udc/client/EmptyResponseHandler
instanceKlass org/apache/commons/httpclient/HttpMethodBase
instanceKlass com/mathworks/webservices/client/core/http/RequestContent
instanceKlass org/apache/commons/httpclient/methods/RequestEntity
instanceKlass javax/xml/bind/DatatypeConverterImpl$CalendarFormatter
instanceKlass javax/xml/datatype/FactoryFinder$1
instanceKlass javax/xml/datatype/SecuritySupport$5
instanceKlass javax/xml/datatype/SecuritySupport$2
instanceKlass javax/xml/datatype/SecuritySupport
instanceKlass javax/xml/datatype/FactoryFinder
instanceKlass javax/xml/bind/DatatypeConverterImpl
instanceKlass javax/xml/bind/DatatypeConverterInterface
instanceKlass javax/xml/bind/DatatypeConverter
instanceKlass com/mathworks/webservices/udc/client/DateFormatter
instanceKlass com/sun/xml/internal/bind/v2/runtime/reflect/Lister$IDREFSIterator
instanceKlass com/sun/xml/internal/bind/v2/runtime/reflect/Lister$CollectionLister$1
instanceKlass sun/awt/datatransfer/SunClipboard$1SunFlavorChangeNotifier
instanceKlass com/sun/xml/internal/bind/v2/runtime/output/Encoded
instanceKlass sun/awt/datatransfer/TransferableProxy
instanceKlass com/mathworks/mwswing/datatransfer/MJClipboard$PrivateClipboardOwner
instanceKlass com/mathworks/mwswing/datatransfer/MJClipboard
instanceKlass com/mathworks/mwswing/datatransfer/MJTransferable$CompoundTransferable
instanceKlass com/mathworks/mwswing/datatransfer/MJTransferable
instanceKlass com/mathworks/mwswing/datatransfer/RTFStringUtils
instanceKlass java/awt/datatransfer/StringSelection
instanceKlass com/mathworks/mwswing/AttributedCharacters$AttributedCharacterIteratorImpl
instanceKlass javax/xml/bind/JAXB$Cache
instanceKlass javax/xml/bind/JAXB
instanceKlass com/mathworks/mwswing/AttributedCharacters
instanceKlass org/netbeans/editor/Abbrev
instanceKlass com/mathworks/mwswing/binding/InputMapUtils
instanceKlass com/mathworks/mwswing/binding/KeySequenceDispatcher$BindingData
instanceKlass sun/awt/ModalExclude
instanceKlass javax/swing/JComponent$IntVector
instanceKlass javax/swing/JComponent$KeyboardState
instanceKlass java/awt/KeyboardFocusManager$5
instanceKlass com/mathworks/util/Range
instanceKlass com/mathworks/widgets/text/matlab/MatlabTokenUtils
instanceKlass org/netbeans/editor/ext/ExtSyntaxSupport$FirstTokenTP
instanceKlass org/netbeans/editor/ext/ExtSyntaxSupport$1
instanceKlass com/mathworks/widgets/text/MarkPair
instanceKlass com/mathworks/widgets/text/mcode/analyzer/CodeAnalyzerMessageModel$CodeAnalyzerMessage
instanceKlass com/mathworks/matlab/api/editor/EditorMessage
instanceKlass com/mathworks/widgets/text/mcode/CodeAnalyzerUtilities$1
instanceKlass com/mathworks/widgets/text/mcode/CodeAnalyzerUtilities
instanceKlass com/mathworks/mvm/exec/MvmSwingWorker$1$1
instanceKlass java/security/DomainCombiner
instanceKlass com/mathworks/toolbox/simulink/slvnv/RmiDataLink$1
instanceKlass com/mathworks/services/mlx/MlxFileUtils$LiveFunctionFlagListener
instanceKlass com/mathworks/services/mlx/OpcPackage
instanceKlass org/netbeans/editor/BaseCaret$4
instanceKlass com/mathworks/widgets/SyntaxTextPaneBase$InputMethodRequestsHandler
instanceKlass com/mathworks/widgets/messagepanel/DefaultMessagePanelPainter
instanceKlass com/mathworks/mvm/exec/MvmSwingWorker$1
instanceKlass com/mathworks/mvm/context/ThreadContext$1
instanceKlass com/mathworks/jmi/AWTUtilities$Invoker$5$1
instanceKlass com/mathworks/widgets/text/mcode/variables/NonlocalVariableUtils$1
instanceKlass com/mathworks/widgets/text/mcode/variables/NonlocalVariableUtils
instanceKlass com/mathworks/desktop/overlay/impl/DefaultOverlayManager$OverlayItem
instanceKlass com/mathworks/widgets/text/mcode/variables/VariableHighlightData$3
instanceKlass com/jidesoft/popup/JidePopup$17
instanceKlass com/jidesoft/popup/JidePopup$16
instanceKlass com/jidesoft/popup/JidePopup$15
instanceKlass com/jidesoft/plaf/vsnet/VsnetUtils
instanceKlass org/netbeans/editor/DrawGraphics$GraphicsDG$1
instanceKlass org/netbeans/editor/CodeFoldingSideBar$PaintInfo
instanceKlass com/mathworks/widgets/text/MWEditorUIUtils
instanceKlass com/mathworks/widgets/text/fold/FoldInfo
instanceKlass com/mathworks/jmi/AWTUtilities$Invoker$5
instanceKlass java/util/AbstractList$1
instanceKlass com/mathworks/mde/editor/MatlabEditor$2
instanceKlass com/mathworks/mde/editor/MatlabEditorApplication$6
instanceKlass com/mathworks/mde/editor/MatlabEditorApplication$13
instanceKlass com/mathworks/mde/editor/MatlabEditorApplication$9
instanceKlass com/mathworks/mde/editor/MatlabEditorApplication$8
instanceKlass com/mathworks/mde/editor/MatlabEditorApplication$7
instanceKlass com/mathworks/mde/editor/MatlabEditorApplication$5
instanceKlass com/mathworks/mde/autosave/AutoSaveTimer$1
instanceKlass com/mathworks/mde/autosave/AutoSaveTimer$2
instanceKlass com/mathworks/mde/autosave/AutoSaveTimer
instanceKlass com/mathworks/mde/editor/TextFileBackingStoreAutoSaveImplementor$1
instanceKlass com/mathworks/mde/autosave/AutoSaveUtils
instanceKlass com/mathworks/mde/editor/TextFileBackingStoreAutoSaveImplementor
instanceKlass com/mathworks/widgets/editor/breakpoints/BreakpointRenderUtils
instanceKlass org/openide/util/WeakListenerImpl
instanceKlass org/openide/util/WeakListeners
instanceKlass com/mathworks/mlwidgets/debug/RunOrContinueAction$1
instanceKlass com/mathworks/mde/find/FindFilesController
instanceKlass com/mathworks/widgets/desk/DTMultipleClientFrame$6
instanceKlass com/mathworks/util/Disposable$Parent
instanceKlass com/mathworks/mlwidgets/explorer/model/editorfs/EditorFileSystem$EditorConnection$1
instanceKlass com/mathworks/mlwidgets/explorer/model/editorfs/EditorFileSystem$EditorConnection
instanceKlass org/apache/commons/codec/binary/Hex
instanceKlass org/apache/commons/codec/digest/DigestUtils
instanceKlass com/mathworks/ddux/QueueEntry
instanceKlass com/sun/xml/internal/bind/util/AttributesImpl
instanceKlass com/sun/xml/internal/bind/v2/runtime/output/XmlOutputAbstractImpl
instanceKlass com/sun/xml/internal/bind/v2/runtime/output/XmlOutput
instanceKlass com/sun/xml/internal/bind/marshaller/MinimumEscapeHandler
instanceKlass com/sun/xml/internal/bind/marshaller/CharacterEscapeHandler
instanceKlass com/sun/xml/internal/bind/v2/runtime/output/NamespaceContextImpl$Element
instanceKlass com/sun/xml/internal/bind/marshaller/NamespacePrefixMapper
instanceKlass com/sun/xml/internal/bind/v2/runtime/output/NamespaceContextImpl
instanceKlass com/sun/xml/internal/bind/v2/runtime/NamespaceContext2
instanceKlass com/sun/xml/internal/bind/v2/runtime/output/Pcdata
instanceKlass com/mathworks/widgets/desk/DTGroupFrame$ArrangementControls$4
instanceKlass javax/xml/bind/helpers/AbstractMarshallerImpl
instanceKlass com/mathworks/widgets/desk/DTGroupFrame$ArrangementControls$2
instanceKlass com/sun/xml/internal/bind/v2/runtime/property/SingleMapNodeProperty$ReceiverImpl
instanceKlass com/sun/xml/internal/bind/v2/model/impl/EnumConstantImpl
instanceKlass com/sun/xml/internal/bind/v2/model/core/EnumConstant
instanceKlass com/mathworks/mwswing/MacAppearanceUtils
instanceKlass javax/xml/bind/annotation/XmlEnumValue
instanceKlass com/sun/xml/internal/bind/v2/model/runtime/RuntimeEnumLeafInfo
instanceKlass com/sun/xml/internal/bind/v2/model/core/EnumLeafInfo
instanceKlass com/mathworks/ddux/ddux$BenchData
instanceKlass com/mathworks/ddux/ddux$HelpPageView
instanceKlass com/mathworks/ddux/ddux$SettingsState
instanceKlass com/mathworks/ddux/ddux$SearchResultsView
instanceKlass com/mathworks/ddux/ddux$1
instanceKlass com/mathworks/ddux/ddux$Holder$3
instanceKlass com/sun/xml/internal/bind/v2/model/core/Adapter
instanceKlass javax/xml/bind/annotation/adapters/XmlAdapter
instanceKlass javax/xml/bind/annotation/adapters/XmlJavaTypeAdapter$DEFAULT
instanceKlass com/mathworks/webservices/udc/model/package-info
instanceKlass com/mathworks/webservices/udc/model/Events
instanceKlass com/mathworks/webservices/udc/model/Event
instanceKlass com/mathworks/webservices/udc/model/ObjectFactory
instanceKlass com/mathworks/ddux/ddux$Holder$1
instanceKlass com/mathworks/webservices/udc/client/UDCClient
instanceKlass com/mathworks/ddux/ddux$Holder
instanceKlass com/mathworks/ddux/ddux$UIEvent
instanceKlass com/mathworks/ddux/DDUXLog
instanceKlass com/mathworks/mde/editor/EditorViewClient$1$1
instanceKlass com/mathworks/mde/editor/EditorStatusBar$3
instanceKlass com/mathworks/widgets/text/STPIncSearch
instanceKlass com/mathworks/mde/editor/EditorStatusBar$2
instanceKlass com/mathworks/mde/editor/EditorStatusBar$1
instanceKlass com/mathworks/mde/editor/EditorStatusBar$FunctionNameListener
instanceKlass com/mathworks/mwswing/MJCheckBox$ActionPropertyHandler
instanceKlass com/mathworks/mwswing/MJToggleButton$ActionPropertyHandler
instanceKlass com/mathworks/toolbox/simulink/slvnv/RmiEditorToolstripContributor$4
instanceKlass com/mathworks/mde/editor/EditorViewToolSetFactory$4
instanceKlass com/mathworks/widgets/desk/DTToolstripFactory$WindowAction$1
instanceKlass com/mathworks/widgets/desk/DTTabbedDocumentPane$1
instanceKlass org/jdesktop/animation/timing/interpolation/LengthItem
instanceKlass org/jdesktop/animation/timing/interpolation/SplineInterpolator
instanceKlass org/jdesktop/animation/timing/interpolation/Interpolator
instanceKlass com/mathworks/widgets/desk/DTDocumentTabs$PendingRemovals
instanceKlass com/mathworks/widgets/desk/DTDocumentTabs$PendingAdditions
instanceKlass com/mathworks/widgets/desk/DTDocumentTabs$Animator
instanceKlass com/mathworks/widgets/desk/Range
instanceKlass com/mathworks/widgets/desk/DTDocumentTabs$TabDragger
instanceKlass com/mathworks/widgets/desk/DTDocumentTabs$EdgeListener
instanceKlass com/mathworks/widgets/desk/DTDocumentContainer$TileAction$1
instanceKlass com/mathworks/widgets/desk/DTDocumentContainer$1
instanceKlass com/mathworks/widgets/desk/DTDocumentTabs$1
instanceKlass com/mathworks/widgets/desk/DTDocumentTabs$AnimationDoneListener
instanceKlass com/mathworks/widgets/desk/DTDocumentContainer$Tiling
instanceKlass com/mathworks/widgets/desk/DTDocumentTabsProperties
instanceKlass com/mathworks/mde/editor/codepad/PublishMenu$2$1
instanceKlass com/mathworks/mde/editor/codepad/PublishMenu$2
instanceKlass com/mathworks/mde/editor/codepad/PublishMenu$4
instanceKlass com/mathworks/mde/editor/codepad/PublishMenu$3
instanceKlass com/mathworks/mde/editor/codepad/PublishMenu$1
instanceKlass com/mathworks/mde/editor/codepad/PublishMenu
instanceKlass com/mathworks/mde/editor/EditorToolSetFactory$7$1
instanceKlass com/mathworks/widgets/util/EmptyIcon
instanceKlass com/mathworks/system/editor/toolstrip/SystemEditorToolstripTabContributor$1
instanceKlass com/mathworks/toolbox/matlab/testframework/ui/toolstrip/RunTestsEditorToolstripTabContributor$2
instanceKlass com/mathworks/toolbox/matlab/testframework/ui/toolstrip/RunTestsToolSetMatlabCommandSender$8
instanceKlass com/mathworks/toolbox/matlab/testframework/ui/toolstrip/RunTestsToolSetMatlabCommandSender$1
instanceKlass com/mathworks/toolbox/matlab/testframework/ui/toolstrip/RunTestsToolSetActions$Callback
instanceKlass com/mathworks/toolbox/matlab/testframework/ui/toolstrip/RunTestsEditorToolstripTabContributor$RunTestsToolstripState
instanceKlass com/mathworks/toolbox/matlab/testframework/ui/toolstrip/LiveMatlabStatusIndicator
instanceKlass com/mathworks/toolbox/matlab/testframework/ui/toolstrip/RunnerOptionsListener
instanceKlass com/mathworks/toolbox/matlab/testframework/ui/toolstrip/MatlabStatusIndicator
instanceKlass com/mathworks/toolbox/matlab/testframework/ui/toolstrip/RunTestsToolSetActionController
instanceKlass com/mathworks/mde/editor/EditorUtils$3
instanceKlass com/mathworks/mde/editor/EditorToolSetFactory$8
instanceKlass com/mathworks/mlwidgets/debug/MatlabDebuggerActions
instanceKlass com/mathworks/mde/editor/EditorToolSetFactory$16$1
instanceKlass com/mathworks/mde/editor/EditorToolSetFactory$16
instanceKlass com/mathworks/mde/editor/EditorToolSetFactory$15
instanceKlass com/mathworks/mde/editor/EditorToolSetFactory$14
instanceKlass com/mathworks/mde/editor/ProfilerButton$1
instanceKlass com/mathworks/mde/editor/ProfilerButton
instanceKlass com/mathworks/mde/editor/EditorToolSetFactory$4
instanceKlass com/mathworks/mde/editor/EditorUtils$5
instanceKlass com/mathworks/mde/editor/EditorUtils$4
instanceKlass com/mathworks/toolstrip/factory/TSFactory$ListListenerBridge
instanceKlass com/mathworks/mde/editor/plugins/matlab/RunMenu$15
instanceKlass java/rmi/server/UID
instanceKlass org/apache/commons/lang/StringEscapeUtils
instanceKlass com/mathworks/mlwidgets/configeditor/data/ConfigurationNameUtils$1
instanceKlass com/mathworks/mlwidgets/configeditor/data/ConfigurationNameUtils$2
instanceKlass com/mathworks/mlwidgets/configeditor/data/ConfigurationNameUtils
instanceKlass com/mathworks/mde/editor/plugins/matlab/RunMenuUtils
instanceKlass com/mathworks/mde/editor/plugins/matlab/RunMenu$1
instanceKlass com/mathworks/mde/editor/plugins/matlab/RunMenuItemSelectionManager
instanceKlass com/mathworks/mde/editor/plugins/matlab/RunMenu$2
instanceKlass com/mathworks/mde/editor/EditorToolSetFactory$9
instanceKlass com/mathworks/mde/editor/plugins/matlab/RunMenuItemSelectionManager$SelectableMenuItem
instanceKlass com/mathworks/mde/editor/gotomenu/AbstractGoToMenu$2
instanceKlass com/mathworks/mde/editor/gotomenu/AbstractGoToMenu
instanceKlass com/mathworks/mde/editor/EditorToolSetFactory$10
instanceKlass com/mathworks/mde/editor/EditorToolSetFactory$13
instanceKlass com/mathworks/mde/editor/EditorToolSetFactory$3
instanceKlass com/mathworks/mde/editor/EditorToolSetFactory$2
instanceKlass com/mathworks/mde/editor/EditorToolSetFactory$12
instanceKlass com/mathworks/toolbox/fixedpoint/util/FixedPointFunctionAbstractPanel
instanceKlass com/mathworks/toolbox/fixedpoint/util/FixedPointFunctionInterface
instanceKlass com/mathworks/toolbox/fixedpoint/toolstrip/FixedPointMenuContributor$FixedPointMenuContribution
instanceKlass com/mathworks/mde/editor/plugins/matlab/MatlabMenuContributor$MatlabMenuContribution$6
instanceKlass com/mathworks/mde/editor/plugins/matlab/MatlabMenuContributor$MatlabMenuContribution$4
instanceKlass com/mathworks/mde/editor/plugins/matlab/MatlabMenuContributor$MatlabMenuContribution$1
instanceKlass com/mathworks/mde/editor/plugins/matlab/MatlabMenuContributor$MatlabMenuContribution$7
instanceKlass com/jidesoft/swing/JideMenu$1
instanceKlass com/jidesoft/swing/JideMenu$PopupMenuOriginCalculator
instanceKlass com/jidesoft/swing/JideMenu$MenuCreator
instanceKlass com/mathworks/mde/editor/plugins/matlab/MatlabMenuContributor$MatlabMenuContribution$2
instanceKlass com/mathworks/mlwidgets/configeditor/data/ConfigurationManager$2
instanceKlass com/mathworks/widgets/glazedlists/MappedEventList$1
instanceKlass com/mathworks/mlwidgets/configeditor/data/ConfigurationManager$1
instanceKlass com/mathworks/widgets/glazedlists/MappedEventList
instanceKlass ca/odell/glazedlists/impl/beans/BeanConnector$PropertyChangeHandler
instanceKlass ca/odell/glazedlists/impl/beans/BeanConnector
instanceKlass com/mathworks/mlwidgets/configeditor/data/ConfigurationManager
instanceKlass com/mathworks/mde/editor/plugins/matlab/MatlabMenuContributor$MatlabMenuContribution$5
instanceKlass com/mathworks/mde/editor/plugins/matlab/MatlabMenuContributor$MatlabMenuContribution
instanceKlass com/mathworks/widgets/menus/DefaultMenuID
instanceKlass com/mathworks/mde/editor/plugins/difftool/DiffToolInfoImpl
instanceKlass com/mathworks/mde/editor/plugins/difftool/DiffToolMenuContributor$DiffToolMenuContribution
instanceKlass com/mathworks/mde/editor/plugins/mlint/MLintMenuContributor$Contribution$4
instanceKlass com/mathworks/widgets/text/mcode/MLintConfiguration
instanceKlass com/mathworks/mde/editor/plugins/mlint/MLintMenuContributor$Contribution$3
instanceKlass com/mathworks/mde/editor/plugins/mlint/MLintMenuContributor$Contribution$1
instanceKlass com/mathworks/mde/editor/plugins/mlint/MLintMenuContributor$Contribution
instanceKlass com/mathworks/toolbox/fixedpoint/toolstrip/FixedPointMenuContributor
instanceKlass com/mathworks/toolbox/eml/EmlMenuContributor
instanceKlass com/mathworks/toolbox/simulink/slvnv/RmiMenuContributor
instanceKlass com/mathworks/mde/editor/codepad/CodepadMenuContributor
instanceKlass com/mathworks/mde/editor/plugins/difftool/DiffToolMenuContributor
instanceKlass com/mathworks/mde/editor/plugins/mlint/MLintMenuContributor
instanceKlass com/mathworks/mde/editor/ActionManager$1
instanceKlass com/mathworks/mde/editor/ActionManager$CodeFoldsMenuItemValidationListener
instanceKlass com/mathworks/mde/editor/ActionManager$3
instanceKlass com/mathworks/widgets/menus/DefaultMenuBuilder$MenuGroup
instanceKlass com/mathworks/widgets/menus/DefaultMenuBuilder$MenuMenuContainer
instanceKlass com/mathworks/widgets/menus/DefaultMenuBuilder$MenuContainer
instanceKlass com/mathworks/widgets/menus/DefaultMenuBuilder
instanceKlass com/mathworks/toolbox/eml/EMLStateListener
instanceKlass com/mathworks/toolbox/eml/EMLEditorApi
instanceKlass com/mathworks/toolbox/eml/EMLEditorApiInterface
instanceKlass com/mathworks/mde/editor/plugins/matlab/MatlabToolBarContributor$MatlabToolBarContribution$4
instanceKlass com/mathworks/mde/editor/plugins/matlab/MatlabToolBarContributor$1
instanceKlass com/mathworks/mde/editor/plugins/matlab/MatlabPluginUtils$1
instanceKlass com/mathworks/mde/editor/plugins/matlab/ConfigurationPopupMenuCustomizer
instanceKlass com/jidesoft/swing/JideMenu$PopupMenuCustomizer
instanceKlass com/mathworks/widgets/DropdownButton$ArrowIcon
instanceKlass com/mathworks/widgets/DropdownButton$1
instanceKlass com/mathworks/widgets/PickerButton$2
instanceKlass com/mathworks/widgets/PickerButton$ToolTippableButton
instanceKlass com/mathworks/mde/editor/plugins/matlab/MatlabToolBarContributor$MatlabToolBarContribution$1
instanceKlass com/mathworks/mde/editor/plugins/matlab/MatlabToolBarContributor$MatlabToolBarContribution$3
instanceKlass com/mathworks/widgets/PopupMenuCustomizer
instanceKlass com/mathworks/mde/editor/plugins/matlab/MatlabToolBarContributor$MatlabToolBarContribution
instanceKlass com/mathworks/widgets/toolbars/DefaultToolBarGroupID
instanceKlass com/mathworks/toolbox/eml/EmlUtils
instanceKlass com/mathworks/toolbox/eml/EmlToolBarContributor
instanceKlass com/mathworks/mde/editor/plugins/matlab/MatlabToolBarContributor
instanceKlass com/mathworks/widgets/toolbars/ToolBarItems$1
instanceKlass com/mathworks/widgets/toolbars/ToolBarItems$2
instanceKlass com/mathworks/widgets/toolbars/ToolBarItems
instanceKlass com/mathworks/matlab/api/toolbars/ToolBarContributor$ToolBarItem
instanceKlass com/mathworks/widgets/toolbars/DefaultToolBarBuilder
instanceKlass com/mathworks/widgets/toolbars/DefaultToolBars
instanceKlass com/mathworks/mlwidgets/explorer/model/actions/DefaultActionInput
instanceKlass com/mathworks/mde/editor/PathActionInputSource
instanceKlass com/mathworks/mde/editor/plugins/matlab/RunMenuUnhandledException
instanceKlass com/mathworks/mde/editor/EditorToolstripTabFactory
instanceKlass com/mathworks/mde/editor/EditorViewClient$7
instanceKlass com/mathworks/mde/editor/EditorView$8
instanceKlass com/mathworks/mde/editor/EditorView$12
instanceKlass com/mathworks/widgets/STPStateManagerImpl
instanceKlass com/mathworks/widgets/StateMRUFiles
instanceKlass com/mathworks/mde/editor/EditorStateManagerImpl$1
instanceKlass com/mathworks/mde/editor/EditorStateManagerImpl
instanceKlass com/mathworks/mde/editor/EditorStateManager
instanceKlass com/mathworks/mde/editor/EditorStateManagerFactory
instanceKlass com/mathworks/mde/editor/codepad/Codepad$3
instanceKlass com/mathworks/mde/editor/codepad/Codepad$2
instanceKlass com/mathworks/widgets/editor/EditorRegionImpl
instanceKlass com/mathworks/matlab/api/editor/EditorRegion
instanceKlass com/mathworks/mde/editor/EditorViewUtils
instanceKlass com/mathworks/mde/editor/codepad/Codepad$TaggedLineManager$3
instanceKlass org/netbeans/editor/AdjustFinder
instanceKlass com/mathworks/widgets/text/mcode/cell/BaseDocumentCellInfo$BaseDocumentCell
instanceKlass com/mathworks/widgets/text/mcode/cell/Cell
instanceKlass com/mathworks/widgets/text/mcode/cell/CellUtils
instanceKlass com/mathworks/widgets/text/mcode/cell/BaseDocumentCellInfo
instanceKlass com/mathworks/mde/editor/codepad/Codepad$TaggedLineManager$2
instanceKlass com/mathworks/mde/editor/codepad/Codepad$TaggedLineManager$1
instanceKlass com/mathworks/mde/editor/codepad/Codepad$TaggedLineManager$CodepadCaretListener
instanceKlass com/mathworks/mde/editor/codepad/Codepad$TaggedLineManager$CodepadDocumentListener
instanceKlass com/mathworks/mde/editor/codepad/Codepad$1
instanceKlass com/mathworks/mde/editor/EditorView$13
instanceKlass com/mathworks/mde/editor/ExecutionArrowDisplay$1
instanceKlass com/mathworks/mde/editor/ExecutionArrowDisplay$2
instanceKlass com/mathworks/mde/editor/MatlabExecutionDisplayAdapter$DebugInterests$2
instanceKlass com/mathworks/widgets/text/mcode/MExecutionDisplayAdapter
instanceKlass com/mathworks/mde/editor/breakpoints/BreakpointInstallationResult
instanceKlass com/mathworks/mde/editor/plugins/matlab/MatlabBreakpointMarginImpl$1
instanceKlass com/mathworks/widgets/text/mcode/AbstractMBreakpointMargin$4
instanceKlass com/mathworks/mde/editor/plugins/matlab/MatlabBreakpointMarginImpl$2
instanceKlass com/mathworks/mde/editor/breakpoints/MatlabBreakpointViewPopupBuilder
instanceKlass com/mathworks/matlab/api/debug/BreakpointStyle
instanceKlass com/mathworks/mde/editor/breakpoints/MatlabBreakpointUiInfoProvider
instanceKlass com/mathworks/widgets/editor/breakpoints/BreakpointView
instanceKlass com/mathworks/widgets/text/mcode/AbstractMBreakpointMargin$1
instanceKlass com/mathworks/widgets/text/mcode/AbstractMBreakpointMargin$5
instanceKlass com/mathworks/mde/editor/plugins/matlab/MatlabBreakpointMarginImpl$5
instanceKlass com/mathworks/widgets/text/mcode/AbstractMBreakpointMargin$2
instanceKlass com/mathworks/widgets/text/mcode/AbstractMBreakpointMargin$3
instanceKlass com/mathworks/mde/editor/plugins/matlab/MatlabBreakpointMarginImpl$4
instanceKlass com/mathworks/toolbox/eml/EmlStorageLocation
instanceKlass com/mathworks/toolbox/coder/nide/editor/StateflowStorageLocation
instanceKlass com/mathworks/mlwidgets/configeditor/data/ConfigurationSelectionListener
instanceKlass com/mathworks/mde/editor/plugins/matlab/MatlabPluginUtils
instanceKlass com/mathworks/toolbox/eml/breakpoints/EmlMarginProvider
instanceKlass com/mathworks/mde/editor/plugins/matlab/MatlabMarginProvider
instanceKlass com/mathworks/mde/functionhints/FunctionHintUtils
instanceKlass com/mathworks/mde/editor/plugins/matlab/MatlabMenuContributor$2
instanceKlass com/mathworks/widgets/editor/SelfRemovingEditorEventListener
instanceKlass com/mathworks/mlwidgets/debug/RunOrContinueAction$2
instanceKlass com/mathworks/matlab/api/menus/MenuID
instanceKlass com/mathworks/mde/editor/plugins/matlab/MatlabMenuContributor
instanceKlass com/mathworks/mde/editor/plugins/matlab/MatlabKeyBindingContributor
instanceKlass com/mathworks/widgets/SyntaxTextPaneBase$ViewHierarchyChangeListenerImpl
instanceKlass com/mathworks/widgets/text/fold/MWCodeFoldingSideBar$ViewHierarchyChangeNotifier
instanceKlass org/netbeans/editor/CodeFoldingSideBar$1
instanceKlass org/netbeans/editor/CodeFoldingSideBar$SideBarFoldHierarchyListener
instanceKlass org/netbeans/editor/CodeFoldingSideBar$Mark
instanceKlass com/mathworks/widgets/text/MWEditorUI$3
instanceKlass org/netbeans/editor/GlyphGutter$EditorUIListener
instanceKlass org/netbeans/editor/GlyphGutter$3
instanceKlass org/netbeans/editor/GlyphGutter$Observer
instanceKlass org/netbeans/editor/Annotations$2
instanceKlass org/netbeans/editor/Annotations$1
instanceKlass org/netbeans/editor/GlyphGutter$GlyphGutterFoldHierarchyListener
instanceKlass com/mathworks/mwswing/TextComponentUtils
instanceKlass com/mathworks/widgets/text/DocumentUtils
instanceKlass com/mathworks/widgets/SyntaxTextPane$2$1
instanceKlass com/mathworks/toolbox/simulink/slvnv/RmiClipboardManager$RmiDataChunk
instanceKlass com/mathworks/toolbox/simulink/slvnv/RmiClipboardManager
instanceKlass com/mathworks/widgets/text/mcode/variables/VariableHighlightingLayer$6$1
instanceKlass org/netbeans/lib/editor/view/ViewUtilitiesImpl$UpperOffsetMatchUpdater
instanceKlass org/netbeans/lib/editor/view/ViewUtilitiesImpl$LowerOffsetMatchUpdater
instanceKlass org/netbeans/lib/editor/util/swing/ElementUtilities
instanceKlass org/netbeans/editor/Syntax$BaseStateInfo
instanceKlass com/mathworks/util/IntBuffer
instanceKlass com/mathworks/widgets/text/matlab/LexicalBuffer
instanceKlass org/netbeans/editor/SyntaxUpdateTokens
instanceKlass org/netbeans/editor/BaseDocument$NotifyModifyStatus
instanceKlass org/netbeans/editor/ext/ExtUtilities
instanceKlass com/mathworks/widgets/text/mcode/MTreeUtils
instanceKlass com/mathworks/widgets/text/mcode/MDocumentUtils
instanceKlass com/mathworks/mwswing/TextComponentUtils$FullIdentifier
instanceKlass com/mathworks/widgets/text/mcode/variables/Variable
instanceKlass com/mathworks/widgets/text/mcode/variables/VariableHighlightData$4
instanceKlass com/mathworks/widgets/text/mcode/variables/VariableHighlightUtils
instanceKlass com/mathworks/widgets/text/mcode/variables/VariableStatusBarUtils$1
instanceKlass org/netbeans/editor/BaseCaret$3
instanceKlass com/mathworks/toolbox/simulink/slvnv/RmiRangeChangeObserver$6
instanceKlass com/mathworks/toolbox/simulink/slvnv/RmiRangeChangeObserver$5
instanceKlass com/mathworks/toolbox/simulink/slvnv/RmiRangeChangeObserver$3
instanceKlass com/mathworks/toolbox/simulink/slvnv/RmiRangeChangeObserver$1
instanceKlass com/mathworks/toolbox/simulink/slvnv/RmiRangeChangeObserver
instanceKlass com/mathworks/widgets/datamodel/FutureFileStorageLocation
instanceKlass com/mathworks/toolbox/simulink/slvnv/RmiEditorHighlighter$3
instanceKlass com/mathworks/toolbox/simulink/slvnv/RmiRegionInformer
instanceKlass com/mathworks/widgets/editor/highlights/AbstractEditorHighlighter
instanceKlass com/mathworks/toolbox/simulink/slvnv/RmiEditorHighlighterProvider
instanceKlass com/mathworks/toolbox/simulink/slvnv/RmiEditorMessageBarContributor
instanceKlass com/mathworks/toolbox/simulink/slvnv/RmiEditorLayer$1
instanceKlass com/mathworks/matlab/api/editor/highlighting/EditorHighlighterProvider
instanceKlass com/mathworks/toolbox/simulink/slvnv/RmiDataLink$RmiSettingsListener
instanceKlass com/mathworks/toolbox/simulink/slvnv/RmiEditorLayer
instanceKlass org/netbeans/editor/ext/FormatSupport
instanceKlass org/netbeans/editor/StatusBar$1
instanceKlass org/netbeans/editor/StatusBar$CaretListener
instanceKlass com/mathworks/widgets/text/mcode/MFoldManager$DocUpdateHandler
instanceKlass com/mathworks/widgets/text/mcode/MFoldManager$FoldsInfo
instanceKlass com/mathworks/widgets/text/mcode/BaseDocumentMTreeProvider$1
instanceKlass com/mathworks/widgets/text/mcode/BaseDocumentMTreeProvider
instanceKlass com/mathworks/widgets/text/mcode/MTreeBaseDocumentCache
instanceKlass com/mathworks/widgets/text/fold/FoldStateManagerImpl$HierarchyUpdateListener
instanceKlass com/mathworks/widgets/text/fold/FoldStateManagerImpl
instanceKlass com/mathworks/widgets/text/fold/FoldStateManager
instanceKlass com/mathworks/widgets/StateManager
instanceKlass com/mathworks/widgets/STPStateManagerFactory
instanceKlass com/mathworks/widgets/text/mcode/MFoldManager$FoldSettingsListener
instanceKlass com/mathworks/widgets/text/mcode/MFoldManager
instanceKlass com/mathworks/widgets/text/mcode/MSyntaxFactory
instanceKlass com/mathworks/widgets/text/matlab/AbstractTokenManager
instanceKlass com/mathworks/widgets/text/matlab/MatlabTokenManager
instanceKlass com/mathworks/widgets/text/STPMessagePanel$9
instanceKlass com/mathworks/widgets/text/mcode/variables/VariableHighlightData$2
instanceKlass com/mathworks/widgets/text/mcode/variables/VariableHighlightData$1
instanceKlass com/mathworks/widgets/text/mcode/variables/VariableHighlightData
instanceKlass com/mathworks/widgets/text/mcode/variables/VariableHighlightDataFactory
instanceKlass com/mathworks/widgets/text/mcode/variables/VariableHighlightingLayer$9
instanceKlass com/mathworks/widgets/text/mcode/MTreeUpdater$NeedToUpdateListener$1
instanceKlass com/mathworks/widgets/text/mcode/MTreeUpdater$NeedToUpdateListener
instanceKlass com/mathworks/widgets/text/mcode/MTreeUpdater
instanceKlass com/mathworks/widgets/text/mcode/variables/NonlocalVariableHighlightingLayer$2
instanceKlass com/mathworks/widgets/text/mcode/variables/VariableHighlightPrefs
instanceKlass com/mathworks/widgets/text/STPMessagePanel$2
instanceKlass com/mathworks/widgets/text/STPMessagePanel$1
instanceKlass com/mathworks/widgets/text/STPMessagePanel$8
instanceKlass com/mathworks/widgets/messagepanel/MessagePanel$1
instanceKlass com/mathworks/widgets/text/STPMessagePanel$7
instanceKlass com/mathworks/widgets/text/STPMessagePanel$LayerMessagePainter
instanceKlass com/mathworks/widgets/text/STPMessagePanel$LayerMessageModel$1
instanceKlass com/mathworks/widgets/text/STPMessagePanel$LayerMessageModel
instanceKlass com/mathworks/widgets/messagepanel/MessagePanel$TextAlignmentProvider
instanceKlass com/mathworks/widgets/text/STPMessagePanel
instanceKlass com/mathworks/widgets/text/mcode/analyzer/CodeAnalyzerThread$2
instanceKlass com/mathworks/widgets/text/mcode/analyzer/CodeAnalyzerLayer$5
instanceKlass com/mathworks/widgets/text/mcode/analyzer/CodeAnalyzerLayer$4
instanceKlass com/mathworks/widgets/text/mcode/analyzer/CodeAnalyzerLayer$3
instanceKlass com/mathworks/widgets/text/mcode/analyzer/CodeAnalyzerLayer$8
instanceKlass com/mathworks/widgets/text/mcode/analyzer/CodeAnalyzerThread$MLintRunnable
instanceKlass com/mathworks/widgets/text/mcode/analyzer/CodeAnalyzerThread$1
instanceKlass com/mathworks/widgets/text/mcode/analyzer/CodeAnalyzerThread
instanceKlass com/mathworks/widgets/menus/DefaultMenuGroupID
instanceKlass com/mathworks/widgets/text/mcode/analyzer/CodeAnalyzerMessageBarContributor
instanceKlass com/mathworks/widgets/text/LayerMarkList
instanceKlass com/mathworks/widgets/text/mcode/analyzer/CodeAnalyzerLayer$7
instanceKlass com/mathworks/widgets/text/mcode/variables/VariableHighlightActions
instanceKlass com/mathworks/widgets/text/mcode/analyzer/CodeAnalyzerActions
instanceKlass com/mathworks/mde/editor/EditorTabCompletion
instanceKlass com/mathworks/widgets/text/mcode/analyzer/CodeAnalyzerLayer$2
instanceKlass com/mathworks/widgets/text/mcode/analyzer/CodeAnalyzerLayer$1
instanceKlass com/mathworks/widgets/text/mcode/analyzer/CodeAnalyzerUtils
instanceKlass com/mathworks/widgets/text/ColoringFactory
instanceKlass com/jidesoft/popup/JidePopup$14
instanceKlass com/mathworks/widgets/tooltip/BalloonToolTip$2
instanceKlass java/awt/Window$1DisposeAction
instanceKlass com/jidesoft/document/DefaultStringConverter
instanceKlass com/jidesoft/swing/AbstractLayoutPersistence
instanceKlass com/jidesoft/swing/StringConverter
instanceKlass com/jidesoft/swing/LayoutPersistence
instanceKlass com/jidesoft/document/FloatingDocumentContainer
instanceKlass com/jidesoft/document/IDocumentGroup
instanceKlass com/jidesoft/document/DocumentComponent
instanceKlass com/jidesoft/swing/IContour
instanceKlass com/jidesoft/document/IDocumentPane
instanceKlass com/jidesoft/popup/JidePopup$9
instanceKlass com/jidesoft/popup/JidePopup$6
instanceKlass com/jidesoft/popup/JidePopup$4
instanceKlass com/jidesoft/plaf/vsnet/ResizeFrameBorder
instanceKlass com/jidesoft/swing/Resizable
instanceKlass com/jidesoft/utils/PortingUtils
instanceKlass com/mathworks/widgets/tooltip/BalloonToolTip$1
instanceKlass com/mathworks/widgets/tooltip/CalloutRectangularBalloonShape
instanceKlass com/mathworks/mwswing/MJDialog$1
instanceKlass com/mathworks/mwswing/MJDialog$DoShow
instanceKlass com/mathworks/mwswing/MJDialog$KeyCatcher
instanceKlass com/mathworks/mwswing/TransparentWindowFactory
instanceKlass com/mathworks/widgets/text/mcode/analyzer/CodeAnalyzerLayer
instanceKlass com/mathworks/widgets/text/mcode/variables/VariableHighlightingLayer$6
instanceKlass com/mathworks/widgets/text/mcode/variables/VariableHighlightingLayer$5
instanceKlass com/mathworks/widgets/text/mcode/variables/VariableHighlightingLayer$4
instanceKlass com/mathworks/widgets/text/mcode/variables/VariableHighlightingLayer$3
instanceKlass com/mathworks/widgets/text/mcode/variables/VariableHighlightingLayer$2
instanceKlass com/mathworks/widgets/text/mcode/variables/VariableHighlightingLayer$1
instanceKlass com/mathworks/mwswing/api/UndoListener
instanceKlass com/mathworks/widgets/text/mcode/variables/VariableHighlightDataListener
instanceKlass com/mathworks/matlab/api/editor/EditorMessageBarContributor
instanceKlass com/mathworks/widgets/text/mcode/variables/VariableHighlightingLayer
instanceKlass com/mathworks/widgets/text/mcode/analyzer/CodeAnalyzerEditorLayerProvider
instanceKlass com/mathworks/widgets/text/mcode/variables/VariableHighlightingEditorLayerProvider
instanceKlass com/mathworks/widgets/text/mcode/variables/NonlocalVariableHighlightingEditorLayerProvider
instanceKlass com/mathworks/toolbox/simulink/slvnv/RmiEditorLayerProvider
instanceKlass com/mathworks/widgets/tooltip/ToolTipAndComponentAWTListener$4
instanceKlass com/mathworks/mde/editor/EditorView$10
instanceKlass com/mathworks/widgets/SyntaxTextPaneBase$EditorKitInfo
instanceKlass com/mathworks/widgets/text/mcode/variables/VariableStatusBarUtils
instanceKlass com/mathworks/mde/editor/EditorMKit$1
instanceKlass com/mathworks/mlwidgets/MatlabHyperlinkStatusBarHandler
instanceKlass com/mathworks/widgets/text/layer/LayerUtils
instanceKlass com/mathworks/mlwidgets/text/mcode/MatlabMKit$MatlabHelper
instanceKlass com/mathworks/widgets/text/mcode/MTreeUpdater$MTreeListener
instanceKlass com/mathworks/widgets/text/mcode/variables/NonlocalVariableHighlightingLayer
instanceKlass com/mathworks/matlab/api/editor/EditorLayer
instanceKlass com/mathworks/mlwidgets/text/mcode/MatlabDocUtils$NonLocalDocHelper
instanceKlass com/mathworks/mlwidgets/text/mcode/MatlabDocUtils$CodeAnalyzerDocHelper
instanceKlass com/mathworks/matlab/api/editor/EditorTipDocHelper
instanceKlass com/mathworks/mlwidgets/text/mcode/MatlabDocUtils
instanceKlass com/mathworks/widgets/text/mcode/variables/VariableStatusBarUtils$VariableHighlightingLayerStatusInfoProvider
instanceKlass com/mathworks/widgets/text/layer/EditorTip$CommandHelper
instanceKlass com/mathworks/toolbox/eml/EmlEditorKitProvider
instanceKlass com/mathworks/mde/editor/plugins/matlab/MatlabEditorKitProvider
instanceKlass com/mathworks/widgets/SyntaxTextPaneMultiView$3
instanceKlass com/mathworks/widgets/SplitScreenActions
instanceKlass com/mathworks/mde/editor/EditorApplicationComponentActivator
instanceKlass com/mathworks/widgets/text/ComponentActivator
instanceKlass com/mathworks/widgets/text/MWCaret$1
instanceKlass org/netbeans/editor/BaseCaret$2
instanceKlass org/netbeans/editor/SegmentCache
instanceKlass org/netbeans/editor/DocumentUtilities
instanceKlass org/netbeans/editor/BaseCaret$1
instanceKlass com/mathworks/widgets/TokenizerFactory
instanceKlass com/mathworks/widgets/text/MWCaret$DelimiterMatchingImpl
instanceKlass org/netbeans/editor/Mark$MarkComparator
instanceKlass org/netbeans/modules/editor/fold/FoldHierarchyExecution$2
instanceKlass org/netbeans/editor/view/spi/FlyView$Parent
instanceKlass org/netbeans/lib/editor/view/ViewUtilitiesImpl$OffsetMatchUpdater
instanceKlass org/netbeans/lib/editor/view/ViewUtilitiesImpl
instanceKlass com/mathworks/widgets/editor/highlights/HighlighterManager$1
instanceKlass com/mathworks/widgets/editor/highlights/HighlighterManager$3
instanceKlass com/mathworks/widgets/editor/highlights/HighlighterManager$2
instanceKlass com/mathworks/matlab/api/editor/highlighting/EditorHighlighter$HighlighterUpdateListener
instanceKlass com/mathworks/widgets/editor/highlights/HighlighterManager
instanceKlass com/mathworks/widgets/text/MWEditorUI$4
instanceKlass org/netbeans/editor/EditorUI$3
instanceKlass org/netbeans/editor/ext/ToolTipSupport$2
instanceKlass org/netbeans/modules/editor/fold/FoldUtilitiesImpl$CollapsedFoldIterator
instanceKlass org/netbeans/modules/editor/fold/FoldUtilitiesImpl
instanceKlass com/mathworks/widgets/text/MWEditorUI$2
instanceKlass org/netbeans/editor/EditorUI$ComponentLock
instanceKlass org/netbeans/editor/PopupManager$HorizontalBounds
instanceKlass org/netbeans/editor/PopupManager$Placement
instanceKlass org/netbeans/api/editor/fold/FoldUtilities
instanceKlass org/netbeans/spi/editor/fold/FoldHierarchyTransaction
instanceKlass org/netbeans/api/editor/fold/FoldStateChange
instanceKlass org/netbeans/modules/editor/fold/FoldHierarchyTransactionImpl
instanceKlass org/netbeans/modules/editor/fold/FoldHierarchyExecution$1
instanceKlass org/netbeans/api/editor/fold/Fold
instanceKlass org/netbeans/modules/editor/fold/SpiPackageAccessor
instanceKlass org/netbeans/spi/editor/fold/FoldOperation
instanceKlass org/netbeans/modules/editor/fold/FoldOperationImpl
instanceKlass org/netbeans/modules/editor/fold/FoldHierarchyExecution
instanceKlass org/netbeans/modules/editor/fold/ApiPackageAccessor
instanceKlass org/netbeans/api/editor/fold/FoldHierarchy
instanceKlass org/netbeans/lib/editor/util/PriorityMutex
instanceKlass org/netbeans/lib/editor/view/GapObjectArray
instanceKlass org/netbeans/lib/editor/view/GapObjectArray$RemoveUpdater
instanceKlass org/netbeans/editor/BaseTextUI$UIWatcher
instanceKlass com/mathworks/widgets/SyntaxTextPane$2
instanceKlass com/mathworks/widgets/SyntaxTextPane$1
instanceKlass org/netbeans/editor/LocaleSupport$Localizer
instanceKlass org/netbeans/editor/LocaleSupport
instanceKlass org/openide/util/Task
instanceKlass org/openide/util/Cancellable
instanceKlass org/openide/util/Utilities$RE
instanceKlass org/openide/util/Utilities
instanceKlass org/openide/util/RequestProcessor
instanceKlass org/openide/util/NbBundle$LocaleIterator
instanceKlass org/openide/util/NbBundle
instanceKlass com/mathworks/mwswing/undo/FilterUndoableEdit
instanceKlass com/mathworks/widgets/SyntaxTextPaneBase$3
instanceKlass com/mathworks/widgets/SyntaxTextPaneBase$1
instanceKlass com/mathworks/widgets/SyntaxTextPaneBase$KitStore
instanceKlass org/netbeans/editor/Settings$KitAndValue
instanceKlass org/netbeans/editor/ActionFactory$JumpListNextAction$1
instanceKlass org/netbeans/editor/ActionFactory$JumpListPrevAction$1
instanceKlass com/mathworks/widgets/text/layer/LayerActions
instanceKlass org/netbeans/lib/editor/util/swing/DocumentListenerPriority
instanceKlass org/netbeans/editor/BaseDocument$PropertyEvaluator
instanceKlass org/netbeans/editor/view/spi/ViewLayoutState$Parent
instanceKlass com/mathworks/mwswing/undo/UndoManagerListener
instanceKlass com/mathworks/widgets/text/print/TextPrintable
instanceKlass java/awt/print/Printable
instanceKlass javax/print/DocPrintJob
instanceKlass com/mathworks/widgets/SyntaxTextPaneMultiView$LastActiveFocusListener
instanceKlass com/mathworks/mde/editor/EditorView$4
instanceKlass com/mathworks/mde/editor/EditorView$7
instanceKlass com/mathworks/widgets/SyntaxTextPaneBase$PostKeyListener
instanceKlass com/mathworks/mde/editor/EditorView$6
instanceKlass com/mathworks/mde/editor/EditorView$5
instanceKlass com/mathworks/mde/editor/codepad/CodepadActionManager$1
instanceKlass com/mathworks/mde/editor/codepad/CodepadAction
instanceKlass com/mathworks/mde/editor/ActionManager$OSGiKeyBindingContributorProvider
instanceKlass com/mathworks/widgets/editor/SaveOnBlurImpl
instanceKlass com/mathworks/mde/editor/EditorView$1
instanceKlass com/mathworks/mde/editor/EditorView$11
instanceKlass com/mathworks/mde/editor/EditorView$3
instanceKlass com/mathworks/mde/editor/EditorView$2
instanceKlass com/mathworks/mde/editor/codepad/CodepadActionManager
instanceKlass com/mathworks/mde/editor/EditorViewClient$8
instanceKlass com/mathworks/mlwidgets/stack/StackComboBox$2
instanceKlass javax/swing/JComboBox$AccessibleJComboBox$AccessibleJComboBoxPopupMenuListener
instanceKlass javax/swing/JComboBox$AccessibleJComboBox$AccessibleJComboBoxListSelectionListener
instanceKlass javax/swing/JComboBox$AccessibleJComboBox$AccessibleJComboBoxPropertyChangeListener
instanceKlass com/mathworks/mwswing/ComboBoxItem
instanceKlass com/mathworks/mlwidgets/stack/StackComboBox$1
instanceKlass com/mathworks/mlwidgets/stack/StackComboBox$4
instanceKlass com/mathworks/mwswing/MJComboBox$2
instanceKlass com/mathworks/mwswing/MJComboBox$3
instanceKlass com/mathworks/mwswing/MJComboBox$DelegatingMouseListener
instanceKlass com/mathworks/toolstrip/plaf/ToolstripComboBoxUI$4
instanceKlass com/mathworks/toolstrip/plaf/ToolstripComboBoxUI$3
instanceKlass com/mathworks/toolstrip/plaf/ToolstripComboBoxUI$2
instanceKlass javax/swing/JList$ListSelectionHandler
instanceKlass com/mathworks/toolstrip/plaf/ToolstripListUI$1
instanceKlass com/mathworks/widgets/data